{
  "RSpec": {
    "coverage": {
      "/home/raissa/projetos/hiring/app/controllers/services_controller.rb": [
        1,
        1,
        null,
        1,
        1,
        null,
        null,
        1,
        null,
        null,
        1,
        1,
        null,
        null,
        1,
        null,
        null,
        1,
        0,
        null,
        0,
        0,
        0,
        0,
        null,
        0,
        0,
        null,
        null,
        null,
        null,
        1,
        0,
        0,
        0,
        0,
        null,
        0,
        0,
        null,
        null,
        null,
        null,
        null,
        1,
        0,
        0,
        0,
        0,
        null,
        null,
        null,
        1,
        null,
        1,
        0,
        null,
        null,
        1,
        0,
        null,
        null
      ],
      "/home/raissa/projetos/hiring/app/controllers/application_controller.rb": [
        1,
        null,
        null,
        1,
        null
      ],
      "/home/raissa/projetos/hiring/app/models/road.rb": [
        1,
        1,
        1,
        null
      ],
      "/home/raissa/projetos/hiring/app/models/service_kind.rb": [
        1,
        1,
        1,
        null
      ],
      "/home/raissa/projetos/hiring/app/models/service.rb": [
        1,
        1,
        1,
        null
      ]
    },
    "timestamp": 1442107756
  }
}
